c:\users\radek\documents\repo\asmequalizer\jadll_c\x64\debug\jadll_c.pch
c:\users\radek\documents\repo\asmequalizer\jadll_c\x64\debug\vc143.pdb
c:\users\radek\documents\repo\asmequalizer\jadll_c\x64\debug\vc143.idb
c:\users\radek\documents\repo\asmequalizer\jadll_c\x64\debug\pch.obj
c:\users\radek\documents\repo\asmequalizer\jadll_c\x64\debug\equalizeralg.obj
c:\users\radek\documents\repo\asmequalizer\jadll_c\x64\debug\dllmain.obj
c:\users\radek\desktop\ja projekt\jasol\x64\debug\jadll_c.lib
c:\users\radek\desktop\ja projekt\jasol\x64\debug\jadll_c.exp
c:\users\radek\documents\repo\asmequalizer\x64\debug\jadll_c.dll
c:\users\radek\documents\repo\asmequalizer\x64\debug\jadll_c.pdb
c:\users\radek\documents\repo\asmequalizer\x64\debug\jadll_c.lib
c:\users\radek\documents\repo\asmequalizer\x64\debug\jadll_c.exp
c:\users\radek\documents\repo\asmequalizer\jadll_c\x64\debug\jadll_c.ilk
c:\users\radek\documents\repo\asmequalizer\jadll_c\x64\debug\jadll_c.tlog\cl.command.1.tlog
c:\users\radek\documents\repo\asmequalizer\jadll_c\x64\debug\jadll_c.tlog\cl.items.tlog
c:\users\radek\documents\repo\asmequalizer\jadll_c\x64\debug\jadll_c.tlog\cl.read.1.tlog
c:\users\radek\documents\repo\asmequalizer\jadll_c\x64\debug\jadll_c.tlog\cl.write.1.tlog
c:\users\radek\documents\repo\asmequalizer\jadll_c\x64\debug\jadll_c.tlog\jadll_c.write.1u.tlog
c:\users\radek\documents\repo\asmequalizer\jadll_c\x64\debug\jadll_c.tlog\link.command.1.tlog
c:\users\radek\documents\repo\asmequalizer\jadll_c\x64\debug\jadll_c.tlog\link.read.1.tlog
c:\users\radek\documents\repo\asmequalizer\jadll_c\x64\debug\jadll_c.tlog\link.secondary.1.tlog
c:\users\radek\documents\repo\asmequalizer\jadll_c\x64\debug\jadll_c.tlog\link.write.1.tlog
